<?xml version="1.0" encoding="UTF-8"?>
<!-- Generated by org.testng.reporters.JUnitXMLReporter -->
<testsuite hostname="GGN000201150001" ignored="0" name="Default test" tests="20" failures="0" timestamp="2020-04-27T15:55:39 IST" time="35.53" errors="0">
  <testcase name="enterNewEmailAddress" time="0.375" classname="com.automation.qa.testcases.SignUpPageTest"/>
  <testcase name="validateSignUpPageTitle" time="0.014" classname="com.automation.qa.testcases.SignUpPageTest"/>
  <testcase name="validateSignUpPageHeaderText" time="0.097" classname="com.automation.qa.testcases.SignUpPageTest"/>
  <testcase name="customertitleSelectMale" time="1.437" classname="com.automation.qa.testcases.SignUpPageTest"/>
  <testcase name="enterCustomerFirstName" time="0.049" classname="com.automation.qa.testcases.SignUpPageTest"/>
  <testcase name="enterCustomerLastName" time="0.042" classname="com.automation.qa.testcases.SignUpPageTest"/>
  <testcase name="enterCustomerPassword" time="0.036" classname="com.automation.qa.testcases.SignUpPageTest"/>
  <testcase name="enterDateOfBirth" time="0.318" classname="com.automation.qa.testcases.SignUpPageTest"/>
  <testcase name="enterMonthOfBirth" time="0.311" classname="com.automation.qa.testcases.SignUpPageTest"/>
  <testcase name="enterYearOfBirth" time="0.395" classname="com.automation.qa.testcases.SignUpPageTest"/>
  <testcase name="enterAddressLine1" time="0.048" classname="com.automation.qa.testcases.SignUpPageTest"/>
  <testcase name="enterCityName" time="0.048" classname="com.automation.qa.testcases.SignUpPageTest"/>
  <testcase name="enterStateName" time="0.267" classname="com.automation.qa.testcases.SignUpPageTest"/>
  <testcase name="selectCountryName" time="0.057" classname="com.automation.qa.testcases.SignUpPageTest"/>
  <testcase name="enterPostalCode" time="0.051" classname="com.automation.qa.testcases.SignUpPageTest"/>
  <testcase name="enterMobileNumber" time="0.063" classname="com.automation.qa.testcases.SignUpPageTest"/>
  <testcase name="addressReferenceName" time="0.044" classname="com.automation.qa.testcases.SignUpPageTest"/>
  <testcase name="clickOnRegisterButton" time="2.137" classname="com.automation.qa.testcases.SignUpPageTest"/>
  <testcase name="testTileOfMyAccountsPage" time="0.005" classname="com.automation.qa.testcases.SignUpPageTest"/>
  <testcase name="validateUserName" time="0.026" classname="com.automation.qa.testcases.SignUpPageTest"/>
</testsuite> <!-- Default test -->
