<?xml version="1.0" encoding="UTF-8"?>
<!-- Generated by org.testng.reporters.JUnitXMLReporter -->
<testsuite hostname="Shubhams-Air.domain.name" ignored="0" name="LandingPageTest" tests="3" failures="0" timestamp="2020-05-17T15:36:12 IST" time="1.507" errors="0">
  <testcase name="landingPageTitleTest" time="0.0" classname="com.automation.qa.testcases.LandingPageTest">
    <skipped/>
  </testcase> <!-- landingPageTitleTest -->
  <testcase name="siteLogoTest" time="0.0" classname="com.automation.qa.testcases.LandingPageTest">
    <skipped/>
  </testcase> <!-- siteLogoTest -->
  <testcase name="loginClick" time="0.0" classname="com.automation.qa.testcases.LandingPageTest">
    <skipped/>
  </testcase> <!-- loginClick -->
</testsuite> <!-- LandingPageTest -->
