<?xml version="1.0" encoding="UTF-8"?>
<!-- Generated by org.testng.reporters.JUnitXMLReporter -->
<testsuite hostname="GGN000201150001" ignored="0" name="LandingPageTest" tests="3" failures="0" timestamp="2020-04-27T15:56:26 IST" time="29.897" errors="0">
  <testcase name="landingPageTitleTest" time="0.024" classname="com.automation.qa.testcases.LandingPageTest"/>
  <testcase name="siteLogoTest" time="0.113" classname="com.automation.qa.testcases.LandingPageTest"/>
  <testcase name="loginClick" time="3.44" classname="com.automation.qa.testcases.LandingPageTest"/>
</testsuite> <!-- LandingPageTest -->
