<?xml version="1.0" encoding="UTF-8"?>
<!-- Generated by org.testng.reporters.JUnitXMLReporter -->
<testsuite hostname="GGN000201150001" ignored="0" name="LoginPageTest" tests="4" failures="0" timestamp="2020-04-27T15:57:01 IST" time="34.901" errors="0">
  <testcase name="validateTitle" time="0.007" classname="com.automation.qa.testcases.LoginPageTest"/>
  <testcase name="enterEmailid" time="0.097" classname="com.automation.qa.testcases.LoginPageTest"/>
  <testcase name="enterPassword" time="0.064" classname="com.automation.qa.testcases.LoginPageTest"/>
  <testcase name="clickSignButton" time="3.744" classname="com.automation.qa.testcases.LoginPageTest"/>
</testsuite> <!-- LoginPageTest -->
