<?xml version="1.0" encoding="UTF-8"?>
<!-- Generated by org.testng.reporters.JUnitXMLReporter -->
<testsuite hostname="Shubhams-Air.domain.name" ignored="0" name="LoginPageNegativeTest" tests="5" failures="0" timestamp="2020-05-17T15:36:12 IST" time="0.091" errors="0">
  <testcase name="validateTitle" time="0.0" classname="com.automation.qa.testcases.LoginPageNegativeTest">
    <skipped/>
  </testcase> <!-- validateTitle -->
  <testcase name="enterEmailid" time="0.0" classname="com.automation.qa.testcases.LoginPageNegativeTest">
    <skipped/>
  </testcase> <!-- enterEmailid -->
  <testcase name="enterPassword" time="0.0" classname="com.automation.qa.testcases.LoginPageNegativeTest">
    <skipped/>
  </testcase> <!-- enterPassword -->
  <testcase name="clickSignButton" time="0.0" classname="com.automation.qa.testcases.LoginPageNegativeTest">
    <skipped/>
  </testcase> <!-- clickSignButton -->
  <testcase name="inValidEmailTextDispalyed" time="0.0" classname="com.automation.qa.testcases.LoginPageNegativeTest">
    <skipped/>
  </testcase> <!-- inValidEmailTextDispalyed -->
</testsuite> <!-- LoginPageNegativeTest -->
