<?xml version="1.0" encoding="UTF-8"?>
<!-- Generated by org.testng.reporters.JUnitXMLReporter -->
<testsuite hostname="GGN000201150001" ignored="0" name="SignUpPageTest" tests="20" failures="0" timestamp="2020-04-27T15:58:02 IST" time="31.909" errors="0">
  <testcase name="enterNewEmailAddress" time="0.363" classname="com.automation.qa.testcases.SignUpPageTest"/>
  <testcase name="validateSignUpPageTitle" time="0.007" classname="com.automation.qa.testcases.SignUpPageTest"/>
  <testcase name="validateSignUpPageHeaderText" time="0.062" classname="com.automation.qa.testcases.SignUpPageTest"/>
  <testcase name="customertitleSelectMale" time="1.49" classname="com.automation.qa.testcases.SignUpPageTest"/>
  <testcase name="enterCustomerFirstName" time="0.042" classname="com.automation.qa.testcases.SignUpPageTest"/>
  <testcase name="enterCustomerLastName" time="0.041" classname="com.automation.qa.testcases.SignUpPageTest"/>
  <testcase name="enterCustomerPassword" time="0.033" classname="com.automation.qa.testcases.SignUpPageTest"/>
  <testcase name="enterDateOfBirth" time="0.349" classname="com.automation.qa.testcases.SignUpPageTest"/>
  <testcase name="enterMonthOfBirth" time="0.288" classname="com.automation.qa.testcases.SignUpPageTest"/>
  <testcase name="enterYearOfBirth" time="0.265" classname="com.automation.qa.testcases.SignUpPageTest"/>
  <testcase name="enterAddressLine1" time="0.034" classname="com.automation.qa.testcases.SignUpPageTest"/>
  <testcase name="enterCityName" time="0.034" classname="com.automation.qa.testcases.SignUpPageTest"/>
  <testcase name="enterStateName" time="0.28" classname="com.automation.qa.testcases.SignUpPageTest"/>
  <testcase name="selectCountryName" time="0.045" classname="com.automation.qa.testcases.SignUpPageTest"/>
  <testcase name="enterPostalCode" time="0.035" classname="com.automation.qa.testcases.SignUpPageTest"/>
  <testcase name="enterMobileNumber" time="0.039" classname="com.automation.qa.testcases.SignUpPageTest"/>
  <testcase name="addressReferenceName" time="0.041" classname="com.automation.qa.testcases.SignUpPageTest"/>
  <testcase name="clickOnRegisterButton" time="2.122" classname="com.automation.qa.testcases.SignUpPageTest"/>
  <testcase name="testTileOfMyAccountsPage" time="0.006" classname="com.automation.qa.testcases.SignUpPageTest"/>
  <testcase name="validateUserName" time="0.034" classname="com.automation.qa.testcases.SignUpPageTest"/>
</testsuite> <!-- SignUpPageTest -->
