<?xml version="1.0" encoding="UTF-8"?>
<!-- Generated by org.testng.reporters.JUnitXMLReporter -->
<testsuite hostname="GGN000201150001" ignored="0" name="Test" tests="15" failures="0" timestamp="2020-04-26T00:57:30 IST" time="105.768" errors="0">
  <testcase name="landingPageTitleTest" time="0.012" classname="com.automation.qa.testcases.LandingPageTest"/>
  <testcase name="siteLogoTest" time="0.099" classname="com.automation.qa.testcases.LandingPageTest"/>
  <testcase name="loginClick" time="2.554" classname="com.automation.qa.testcases.LandingPageTest"/>
  <testcase name="validateTitle" time="0.007" classname="com.automation.qa.testcases.LoginPageTest"/>
  <testcase name="enterEmailid" time="0.064" classname="com.automation.qa.testcases.LoginPageTest"/>
  <testcase name="enterPassword" time="0.05" classname="com.automation.qa.testcases.LoginPageTest"/>
  <testcase name="clickSignButton" time="1.773" classname="com.automation.qa.testcases.LoginPageTest"/>
  <testcase name="validateTitle" time="0.005" classname="com.automation.qa.testcases.LoginPageNegativeTest"/>
  <testcase name="enterEmailid" time="0.042" classname="com.automation.qa.testcases.LoginPageNegativeTest"/>
  <testcase name="enterPassword" time="0.059" classname="com.automation.qa.testcases.LoginPageNegativeTest"/>
  <testcase name="clickSignButton" time="1.526" classname="com.automation.qa.testcases.LoginPageNegativeTest"/>
  <testcase name="inValidEmailTextDispalyed" time="0.031" classname="com.automation.qa.testcases.LoginPageNegativeTest"/>
  <testcase name="enterNewEmailAddress" time="0.321" classname="com.automation.qa.testcases.SignUpPageTest"/>
  <testcase name="validateSignUpPageTitle" time="0.004" classname="com.automation.qa.testcases.SignUpPageTest"/>
  <testcase name="validateSignUpPageHeaderText" time="0.022" classname="com.automation.qa.testcases.SignUpPageTest"/>
</testsuite> <!-- Test -->
