<?xml version="1.0" encoding="UTF-8"?>
<!-- Generated by org.testng.reporters.JUnitXMLReporter -->
<testsuite hostname="Shubhams-Air.domain.name" ignored="0" name="LandingPageTest" tests="3" failures="0" timestamp="2020-05-10T22:39:18 IST" time="66.039" errors="0">
  <testcase name="landingPageTitleTest" time="0.046" classname="com.automation.qa.testcases.LandingPageTest"/>
  <testcase name="siteLogoTest" time="0.182" classname="com.automation.qa.testcases.LandingPageTest"/>
  <testcase name="loginClick" time="5.519" classname="com.automation.qa.testcases.LandingPageTest"/>
</testsuite> <!-- LandingPageTest -->
