<?xml version="1.0" encoding="UTF-8"?>
<!-- Generated by org.testng.reporters.JUnitXMLReporter -->
<testsuite hostname="GGN000201150001" ignored="0" name="Test" tests="12" failures="0" timestamp="2020-04-25T23:28:57 IST" time="95.186" errors="0">
  <testcase name="landingPageTitleTest" time="0.007" classname="com.automation.qa.testcases.LandingPageTest"/>
  <testcase name="siteLogoTest" time="0.075" classname="com.automation.qa.testcases.LandingPageTest"/>
  <testcase name="loginClick" time="2.852" classname="com.automation.qa.testcases.LandingPageTest"/>
  <testcase name="validateTitle" time="0.005" classname="com.automation.qa.testcases.LoginPageTest"/>
  <testcase name="enterEmailid" time="0.067" classname="com.automation.qa.testcases.LoginPageTest"/>
  <testcase name="enterPassword" time="0.038" classname="com.automation.qa.testcases.LoginPageTest"/>
  <testcase name="clickSignButton" time="1.609" classname="com.automation.qa.testcases.LoginPageTest"/>
  <testcase name="validateTitle" time="0.007" classname="com.automation.qa.testcases.LoginPageNegativeTest"/>
  <testcase name="enterEmailid" time="0.035" classname="com.automation.qa.testcases.LoginPageNegativeTest"/>
  <testcase name="enterPassword" time="0.053" classname="com.automation.qa.testcases.LoginPageNegativeTest"/>
  <testcase name="clickSignButton" time="1.248" classname="com.automation.qa.testcases.LoginPageNegativeTest"/>
  <testcase name="inValidEmailTextDispalyed" time="0.038" classname="com.automation.qa.testcases.LoginPageNegativeTest"/>
</testsuite> <!-- Test -->
