-------------------------------------------------------------------------------
Test set: TestSuite
-------------------------------------------------------------------------------
Tests run: 32, Failures: 1, Errors: 0, Skipped: 0, Time elapsed: 94.876 s <<< FAILURE! - in TestSuite
validateTitle(com.automation.qa.testcases.LoginPageTest)  Time elapsed: 0.058 s  <<< FAILURE!
java.lang.AssertionError: expected [Login - My Storee] but found [Login - My Store]
	at com.automation.qa.testcases.LoginPageTest.validateTitle(LoginPageTest.java:39)

