<?xml version="1.0" encoding="UTF-8"?>
<testng-results skipped="0" failed="0" ignored="0" total="32" passed="32">
  <reporter-output>
  </reporter-output>
  <suite name="Suite" duration-ms="126233" started-at="2020-04-27T15:55:56 IST" finished-at="2020-04-27T15:58:02 IST">
    <groups>
    </groups>
    <test name="LandingPageTest" duration-ms="29897" started-at="2020-04-27T15:55:56 IST" finished-at="2020-04-27T15:56:26 IST">
      <class name="com.automation.qa.testcases.LandingPageTest">
        <test-method status="PASS" signature="setup()[pri:0, instance:com.automation.qa.testcases.LandingPageTest@5cdd8682]" name="setup" is-config="true" duration-ms="24414" started-at="2020-04-27T15:55:56 IST" finished-at="2020-04-27T15:56:20 IST">
          <reporter-output>
          </reporter-output>
        </test-method> <!-- setup -->
        <test-method status="PASS" signature="landingPageTitleTest()[pri:1, instance:com.automation.qa.testcases.LandingPageTest@5cdd8682]" name="landingPageTitleTest" duration-ms="24" started-at="2020-04-27T15:56:20 IST" finished-at="2020-04-27T15:56:20 IST">
          <reporter-output>
          </reporter-output>
        </test-method> <!-- landingPageTitleTest -->
        <test-method status="PASS" signature="siteLogoTest()[pri:2, instance:com.automation.qa.testcases.LandingPageTest@5cdd8682]" name="siteLogoTest" duration-ms="113" started-at="2020-04-27T15:56:20 IST" finished-at="2020-04-27T15:56:20 IST">
          <reporter-output>
          </reporter-output>
        </test-method> <!-- siteLogoTest -->
        <test-method status="PASS" signature="loginClick()[pri:3, instance:com.automation.qa.testcases.LandingPageTest@5cdd8682]" name="loginClick" duration-ms="3440" started-at="2020-04-27T15:56:20 IST" finished-at="2020-04-27T15:56:24 IST">
          <reporter-output>
          </reporter-output>
        </test-method> <!-- loginClick -->
        <test-method status="PASS" signature="tearDown()[pri:0, instance:com.automation.qa.testcases.LandingPageTest@5cdd8682]" name="tearDown" is-config="true" duration-ms="1849" started-at="2020-04-27T15:56:24 IST" finished-at="2020-04-27T15:56:26 IST">
          <reporter-output>
          </reporter-output>
        </test-method> <!-- tearDown -->
      </class> <!-- com.automation.qa.testcases.LandingPageTest -->
    </test> <!-- LandingPageTest -->
    <test name="LoginPageTest" duration-ms="34901" started-at="2020-04-27T15:56:26 IST" finished-at="2020-04-27T15:57:01 IST">
      <class name="com.automation.qa.testcases.LoginPageTest">
        <test-method status="PASS" signature="setup()[pri:0, instance:com.automation.qa.testcases.LoginPageTest@80ec1f8]" name="setup" is-config="true" duration-ms="29077" started-at="2020-04-27T15:56:26 IST" finished-at="2020-04-27T15:56:55 IST">
          <reporter-output>
          </reporter-output>
        </test-method> <!-- setup -->
        <test-method status="PASS" signature="validateTitle()[pri:1, instance:com.automation.qa.testcases.LoginPageTest@80ec1f8]" name="validateTitle" duration-ms="7" started-at="2020-04-27T15:56:55 IST" finished-at="2020-04-27T15:56:55 IST">
          <reporter-output>
          </reporter-output>
        </test-method> <!-- validateTitle -->
        <test-method status="PASS" signature="enterEmailid()[pri:2, instance:com.automation.qa.testcases.LoginPageTest@80ec1f8]" name="enterEmailid" duration-ms="97" started-at="2020-04-27T15:56:55 IST" finished-at="2020-04-27T15:56:55 IST">
          <reporter-output>
          </reporter-output>
        </test-method> <!-- enterEmailid -->
        <test-method status="PASS" signature="enterPassword()[pri:3, instance:com.automation.qa.testcases.LoginPageTest@80ec1f8]" name="enterPassword" duration-ms="64" started-at="2020-04-27T15:56:55 IST" finished-at="2020-04-27T15:56:55 IST">
          <reporter-output>
          </reporter-output>
        </test-method> <!-- enterPassword -->
        <test-method status="PASS" signature="clickSignButton()[pri:4, instance:com.automation.qa.testcases.LoginPageTest@80ec1f8]" name="clickSignButton" duration-ms="3744" started-at="2020-04-27T15:56:55 IST" finished-at="2020-04-27T15:56:59 IST">
          <reporter-output>
          </reporter-output>
        </test-method> <!-- clickSignButton -->
        <test-method status="PASS" signature="tearDown()[pri:0, instance:com.automation.qa.testcases.LoginPageTest@80ec1f8]" name="tearDown" is-config="true" duration-ms="1900" started-at="2020-04-27T15:56:59 IST" finished-at="2020-04-27T15:57:01 IST">
          <reporter-output>
          </reporter-output>
        </test-method> <!-- tearDown -->
      </class> <!-- com.automation.qa.testcases.LoginPageTest -->
    </test> <!-- LoginPageTest -->
    <test name="LoginPageNegativeTest" duration-ms="29386" started-at="2020-04-27T15:57:01 IST" finished-at="2020-04-27T15:57:30 IST">
      <class name="com.automation.qa.testcases.LoginPageNegativeTest">
        <test-method status="PASS" signature="setup()[pri:0, instance:com.automation.qa.testcases.LoginPageNegativeTest@71248c21]" name="setup" is-config="true" duration-ms="25789" started-at="2020-04-27T15:57:01 IST" finished-at="2020-04-27T15:57:26 IST">
          <reporter-output>
          </reporter-output>
        </test-method> <!-- setup -->
        <test-method status="PASS" signature="validateTitle()[pri:1, instance:com.automation.qa.testcases.LoginPageNegativeTest@71248c21]" name="validateTitle" duration-ms="6" started-at="2020-04-27T15:57:26 IST" finished-at="2020-04-27T15:57:26 IST">
          <reporter-output>
          </reporter-output>
        </test-method> <!-- validateTitle -->
        <test-method status="PASS" signature="enterEmailid()[pri:2, instance:com.automation.qa.testcases.LoginPageNegativeTest@71248c21]" name="enterEmailid" duration-ms="50" started-at="2020-04-27T15:57:26 IST" finished-at="2020-04-27T15:57:26 IST">
          <reporter-output>
          </reporter-output>
        </test-method> <!-- enterEmailid -->
        <test-method status="PASS" signature="enterPassword()[pri:3, instance:com.automation.qa.testcases.LoginPageNegativeTest@71248c21]" name="enterPassword" duration-ms="61" started-at="2020-04-27T15:57:26 IST" finished-at="2020-04-27T15:57:27 IST">
          <reporter-output>
          </reporter-output>
        </test-method> <!-- enterPassword -->
        <test-method status="PASS" signature="clickSignButton()[pri:4, instance:com.automation.qa.testcases.LoginPageNegativeTest@71248c21]" name="clickSignButton" duration-ms="1743" started-at="2020-04-27T15:57:27 IST" finished-at="2020-04-27T15:57:28 IST">
          <reporter-output>
          </reporter-output>
        </test-method> <!-- clickSignButton -->
        <test-method status="PASS" signature="inValidEmailTextDispalyed()[pri:5, instance:com.automation.qa.testcases.LoginPageNegativeTest@71248c21]" name="inValidEmailTextDispalyed" duration-ms="45" started-at="2020-04-27T15:57:28 IST" finished-at="2020-04-27T15:57:28 IST">
          <reporter-output>
          </reporter-output>
        </test-method> <!-- inValidEmailTextDispalyed -->
        <test-method status="PASS" signature="tearDown()[pri:0, instance:com.automation.qa.testcases.LoginPageNegativeTest@71248c21]" name="tearDown" is-config="true" duration-ms="1678" started-at="2020-04-27T15:57:28 IST" finished-at="2020-04-27T15:57:30 IST">
          <reporter-output>
          </reporter-output>
        </test-method> <!-- tearDown -->
      </class> <!-- com.automation.qa.testcases.LoginPageNegativeTest -->
    </test> <!-- LoginPageNegativeTest -->
    <test name="SignUpPageTest" duration-ms="31909" started-at="2020-04-27T15:57:30 IST" finished-at="2020-04-27T15:58:02 IST">
      <class name="com.automation.qa.testcases.SignUpPageTest">
        <test-method status="PASS" signature="setup()[pri:0, instance:com.automation.qa.testcases.SignUpPageTest@6e38921c]" name="setup" is-config="true" duration-ms="24593" started-at="2020-04-27T15:57:30 IST" finished-at="2020-04-27T15:57:55 IST">
          <reporter-output>
          </reporter-output>
        </test-method> <!-- setup -->
        <test-method status="PASS" signature="enterNewEmailAddress()[pri:1, instance:com.automation.qa.testcases.SignUpPageTest@6e38921c]" name="enterNewEmailAddress" duration-ms="363" started-at="2020-04-27T15:57:55 IST" finished-at="2020-04-27T15:57:55 IST">
          <reporter-output>
          </reporter-output>
        </test-method> <!-- enterNewEmailAddress -->
        <test-method status="PASS" signature="validateSignUpPageTitle()[pri:2, instance:com.automation.qa.testcases.SignUpPageTest@6e38921c]" name="validateSignUpPageTitle" duration-ms="7" started-at="2020-04-27T15:57:55 IST" finished-at="2020-04-27T15:57:55 IST">
          <reporter-output>
          </reporter-output>
        </test-method> <!-- validateSignUpPageTitle -->
        <test-method status="PASS" signature="validateSignUpPageHeaderText()[pri:3, instance:com.automation.qa.testcases.SignUpPageTest@6e38921c]" name="validateSignUpPageHeaderText" duration-ms="62" started-at="2020-04-27T15:57:55 IST" finished-at="2020-04-27T15:57:55 IST">
          <reporter-output>
          </reporter-output>
        </test-method> <!-- validateSignUpPageHeaderText -->
        <test-method status="PASS" signature="customertitleSelectMale()[pri:4, instance:com.automation.qa.testcases.SignUpPageTest@6e38921c]" name="customertitleSelectMale" duration-ms="1490" started-at="2020-04-27T15:57:55 IST" finished-at="2020-04-27T15:57:57 IST">
          <reporter-output>
          </reporter-output>
        </test-method> <!-- customertitleSelectMale -->
        <test-method status="PASS" signature="enterCustomerFirstName()[pri:5, instance:com.automation.qa.testcases.SignUpPageTest@6e38921c]" name="enterCustomerFirstName" duration-ms="42" started-at="2020-04-27T15:57:57 IST" finished-at="2020-04-27T15:57:57 IST">
          <reporter-output>
          </reporter-output>
        </test-method> <!-- enterCustomerFirstName -->
        <test-method status="PASS" signature="enterCustomerLastName()[pri:6, instance:com.automation.qa.testcases.SignUpPageTest@6e38921c]" name="enterCustomerLastName" duration-ms="41" started-at="2020-04-27T15:57:57 IST" finished-at="2020-04-27T15:57:57 IST">
          <reporter-output>
          </reporter-output>
        </test-method> <!-- enterCustomerLastName -->
        <test-method status="PASS" signature="enterCustomerPassword()[pri:7, instance:com.automation.qa.testcases.SignUpPageTest@6e38921c]" name="enterCustomerPassword" duration-ms="33" started-at="2020-04-27T15:57:57 IST" finished-at="2020-04-27T15:57:57 IST">
          <reporter-output>
          </reporter-output>
        </test-method> <!-- enterCustomerPassword -->
        <test-method status="PASS" signature="enterDateOfBirth()[pri:8, instance:com.automation.qa.testcases.SignUpPageTest@6e38921c]" name="enterDateOfBirth" duration-ms="349" started-at="2020-04-27T15:57:57 IST" finished-at="2020-04-27T15:57:57 IST">
          <reporter-output>
          </reporter-output>
        </test-method> <!-- enterDateOfBirth -->
        <test-method status="PASS" signature="enterMonthOfBirth()[pri:9, instance:com.automation.qa.testcases.SignUpPageTest@6e38921c]" name="enterMonthOfBirth" duration-ms="288" started-at="2020-04-27T15:57:57 IST" finished-at="2020-04-27T15:57:57 IST">
          <reporter-output>
          </reporter-output>
        </test-method> <!-- enterMonthOfBirth -->
        <test-method status="PASS" signature="enterYearOfBirth()[pri:10, instance:com.automation.qa.testcases.SignUpPageTest@6e38921c]" name="enterYearOfBirth" duration-ms="265" started-at="2020-04-27T15:57:57 IST" finished-at="2020-04-27T15:57:58 IST">
          <reporter-output>
          </reporter-output>
        </test-method> <!-- enterYearOfBirth -->
        <test-method status="PASS" signature="enterAddressLine1()[pri:11, instance:com.automation.qa.testcases.SignUpPageTest@6e38921c]" name="enterAddressLine1" duration-ms="34" started-at="2020-04-27T15:57:58 IST" finished-at="2020-04-27T15:57:58 IST">
          <reporter-output>
          </reporter-output>
        </test-method> <!-- enterAddressLine1 -->
        <test-method status="PASS" signature="enterCityName()[pri:12, instance:com.automation.qa.testcases.SignUpPageTest@6e38921c]" name="enterCityName" duration-ms="34" started-at="2020-04-27T15:57:58 IST" finished-at="2020-04-27T15:57:58 IST">
          <reporter-output>
          </reporter-output>
        </test-method> <!-- enterCityName -->
        <test-method status="PASS" signature="enterStateName()[pri:13, instance:com.automation.qa.testcases.SignUpPageTest@6e38921c]" name="enterStateName" duration-ms="280" started-at="2020-04-27T15:57:58 IST" finished-at="2020-04-27T15:57:58 IST">
          <reporter-output>
          </reporter-output>
        </test-method> <!-- enterStateName -->
        <test-method status="PASS" signature="selectCountryName()[pri:14, instance:com.automation.qa.testcases.SignUpPageTest@6e38921c]" name="selectCountryName" duration-ms="45" started-at="2020-04-27T15:57:58 IST" finished-at="2020-04-27T15:57:58 IST">
          <reporter-output>
          </reporter-output>
        </test-method> <!-- selectCountryName -->
        <test-method status="PASS" signature="enterPostalCode()[pri:15, instance:com.automation.qa.testcases.SignUpPageTest@6e38921c]" name="enterPostalCode" duration-ms="35" started-at="2020-04-27T15:57:58 IST" finished-at="2020-04-27T15:57:58 IST">
          <reporter-output>
          </reporter-output>
        </test-method> <!-- enterPostalCode -->
        <test-method status="PASS" signature="enterMobileNumber()[pri:16, instance:com.automation.qa.testcases.SignUpPageTest@6e38921c]" name="enterMobileNumber" duration-ms="39" started-at="2020-04-27T15:57:58 IST" finished-at="2020-04-27T15:57:58 IST">
          <reporter-output>
          </reporter-output>
        </test-method> <!-- enterMobileNumber -->
        <test-method status="PASS" signature="addressReferenceName()[pri:17, instance:com.automation.qa.testcases.SignUpPageTest@6e38921c]" name="addressReferenceName" duration-ms="41" started-at="2020-04-27T15:57:58 IST" finished-at="2020-04-27T15:57:58 IST">
          <reporter-output>
          </reporter-output>
        </test-method> <!-- addressReferenceName -->
        <test-method status="PASS" signature="clickOnRegisterButton()[pri:18, instance:com.automation.qa.testcases.SignUpPageTest@6e38921c]" name="clickOnRegisterButton" duration-ms="2122" started-at="2020-04-27T15:57:58 IST" finished-at="2020-04-27T15:58:00 IST">
          <reporter-output>
          </reporter-output>
        </test-method> <!-- clickOnRegisterButton -->
        <test-method status="PASS" signature="testTileOfMyAccountsPage()[pri:19, instance:com.automation.qa.testcases.SignUpPageTest@6e38921c]" name="testTileOfMyAccountsPage" duration-ms="6" started-at="2020-04-27T15:58:00 IST" finished-at="2020-04-27T15:58:00 IST">
          <reporter-output>
          </reporter-output>
        </test-method> <!-- testTileOfMyAccountsPage -->
        <test-method status="PASS" signature="validateUserName()[pri:20, instance:com.automation.qa.testcases.SignUpPageTest@6e38921c]" name="validateUserName" duration-ms="34" started-at="2020-04-27T15:58:00 IST" finished-at="2020-04-27T15:58:00 IST">
          <reporter-output>
          </reporter-output>
        </test-method> <!-- validateUserName -->
        <test-method status="PASS" signature="tearDown()[pri:0, instance:com.automation.qa.testcases.SignUpPageTest@6e38921c]" name="tearDown" is-config="true" duration-ms="1680" started-at="2020-04-27T15:58:00 IST" finished-at="2020-04-27T15:58:02 IST">
          <reporter-output>
          </reporter-output>
        </test-method> <!-- tearDown -->
      </class> <!-- com.automation.qa.testcases.SignUpPageTest -->
    </test> <!-- SignUpPageTest -->
  </suite> <!-- Suite -->
</testng-results>
